<?xml version="1.0" encoding="UTF-8"?>
<!-- Generated by org.testng.reporters.JUnitXMLReporter -->
<testsuite ignored="0" hostname="LENOVO" failures="1" tests="4" name="Test" time="0.045" errors="0" timestamp="14 Apr 2022 07:48:27 GMT">
  <testcase classname="com.web.CrossBrowserTest" name="@BeforeMethod init" time="0.0">
    <failure type="org.testng.TestNGException" message="
Parameter &amp;apos;browser&amp;apos; is required by BeforeMethod on method init but has not been marked @Optional or defined
in C:\Users\LENOVO\eclipse-workspace\com.web.qa\test.xml">
      <![CDATA[org.testng.TestNGException: 
Parameter 'browser' is required by BeforeMethod on method init but has not been marked @Optional or defined
in C:\Users\LENOVO\eclipse-workspace\com.web.qa\test.xml
... Removed 24 stack frames]]>
    </failure>
  </testcase> <!-- @BeforeMethod init -->
  <testcase classname="com.web.CrossBrowserTest" name="@AfterMethod tearDown" time="0.0">
    <skipped/>
  </testcase> <!-- @AfterMethod tearDown -->
  <testcase classname="com.web.NewTest" name="fail" time="0.01">
    <failure type="java.lang.AssertionError" message="expected [true] but found [false]">
      <![CDATA[java.lang.AssertionError: expected [true] but found [false]
	at com.web.NewTest.fail(NewTest.java:24)
... Removed 29 stack frames]]>
    </failure>
  </testcase> <!-- fail -->
  <testcase classname="com.web.NewTest" name="sum" time="0.001"/>
  <testcase classname="com.web.NewTest" name="sum" time="0.001"/>
  <testcase classname="com.web.CrossBrowserTest" name="verifyPageTitle" time="0.002">
    <skipped/>
  </testcase> <!-- verifyPageTitle -->
</testsuite> <!-- Test -->
